<?xml version="1.0" encoding="UTF-8"?>
<!-- Generated by org.testng.reporters.JUnitReportReporter -->
<testsuite hostname="DESKTOP-NRP6LMM" failures="0" tests="4" name="printtexscandinavia.HeaderText" time="13.572" errors="0" timestamp="2023-02-15T15:08:09 IST" skipped="0">
  <testcase classname="printtexscandinavia.HeaderText" name="openUrl" time="2.104"/>
  <system-out/>
  <testcase classname="printtexscandinavia.HeaderText" name="HeadText" time="5.111"/>
  <system-out/>
  <testcase classname="printtexscandinavia.HeaderText" name="leftLogo" time="3.140"/>
  <system-out/>
  <testcase classname="printtexscandinavia.HeaderText" name="slideshowImageCount" time="3.217"/>
  <system-out/>
</testsuite> <!-- printtexscandinavia.HeaderText -->
